<?xml version="1.0" encoding="UTF-8"?>
<robot generator="Robot 7.3.2 (Python 3.13.3 on win32)" generated="2025-10-05T11:40:12.954975" rpa="false" schemaversion="5">
<suite id="s1" name="Test Setup" source="C:\Users\Pawel.Karczewski\Documents\RobotFramework\TestingGround2025\Tests\Test_Setup.robot">
<test id="s1-t1" name="Simple Variable Test" line="11">
<kw name="Log" owner="BuiltIn">
<msg time="2025-10-05T11:40:13.008274" level="INFO">Hello, Robot Framework!</msg>
<arg>${MESSAGE}</arg>
<doc>Logs the given message with the given level.</doc>
<status status="PASS" start="2025-10-05T11:40:13.008097" elapsed="0.000233"/>
</kw>
<kw name="Should Be Equal" owner="BuiltIn">
<arg>${MESSAGE}</arg>
<arg>Hello, Robot Framework!</arg>
<doc>Fails if the given objects are unequal.</doc>
<status status="PASS" start="2025-10-05T11:40:13.009004" elapsed="0.000177"/>
</kw>
<doc>Test basic variable usage</doc>
<status status="PASS" start="2025-10-05T11:40:13.007090" elapsed="0.002368"/>
</test>
<test id="s1-t2" name="Simple Math Test" line="16">
<kw name="Evaluate" owner="BuiltIn">
<msg time="2025-10-05T11:40:13.010776" level="INFO">${result} = 15</msg>
<var>${result}</var>
<arg>10 + 5</arg>
<doc>Evaluates the given expression in Python and returns the result.</doc>
<status status="PASS" start="2025-10-05T11:40:13.010573" elapsed="0.000232"/>
</kw>
<kw name="Should Be Equal As Numbers" owner="BuiltIn">
<msg time="2025-10-05T11:40:13.011212" level="INFO">Argument types are:
&lt;class 'int'&gt;
&lt;class 'str'&gt;</msg>
<arg>${result}</arg>
<arg>15</arg>
<doc>Fails if objects are unequal after converting them to real numbers.</doc>
<status status="PASS" start="2025-10-05T11:40:13.011098" elapsed="0.000167"/>
</kw>
<kw name="Log" owner="BuiltIn">
<msg time="2025-10-05T11:40:13.011707" level="INFO">The result is: 15</msg>
<arg>The result is: ${result}</arg>
<doc>Logs the given message with the given level.</doc>
<status status="PASS" start="2025-10-05T11:40:13.011564" elapsed="0.000184"/>
</kw>
<doc>Test basic mathematical operations</doc>
<status status="PASS" start="2025-10-05T11:40:13.010174" elapsed="0.001788"/>
</test>
<test id="s1-t3" name="String Operations Test" line="22">
<kw name="Convert To Upper Case" owner="String">
<msg time="2025-10-05T11:40:13.013599" level="INFO">${upper_case} = HELLO, ROBOT FRAMEWORK!</msg>
<var>${upper_case}</var>
<arg>${MESSAGE}</arg>
<doc>Converts string to upper case.</doc>
<status status="PASS" start="2025-10-05T11:40:13.013012" elapsed="0.000688"/>
</kw>
<kw name="Should Be Equal" owner="BuiltIn">
<arg>${upper_case}</arg>
<arg>HELLO, ROBOT FRAMEWORK!</arg>
<doc>Fails if the given objects are unequal.</doc>
<status status="PASS" start="2025-10-05T11:40:13.014272" elapsed="0.000539"/>
</kw>
<kw name="Get Length" owner="BuiltIn">
<msg time="2025-10-05T11:40:13.015381" level="INFO">Length is 23.</msg>
<msg time="2025-10-05T11:40:13.015503" level="INFO">${length} = 23</msg>
<var>${length}</var>
<arg>${MESSAGE}</arg>
<doc>Returns and logs the length of the given item as an integer.</doc>
<status status="PASS" start="2025-10-05T11:40:13.015129" elapsed="0.000413"/>
</kw>
<kw name="Should Be True" owner="BuiltIn">
<arg>${length} &gt; 0</arg>
<doc>Fails if the given condition is not true.</doc>
<status status="PASS" start="2025-10-05T11:40:13.015835" elapsed="0.000363"/>
</kw>
<doc>Test string manipulation</doc>
<status status="PASS" start="2025-10-05T11:40:13.012510" elapsed="0.004159"/>
</test>
<test id="s1-t4" name="List Operations Test" line="29">
<kw name="Create List" owner="BuiltIn">
<msg time="2025-10-05T11:40:13.017669" level="INFO">@{fruits} = [ apple | banana | orange ]</msg>
<var>@{fruits}</var>
<arg>apple</arg>
<arg>banana</arg>
<arg>orange</arg>
<doc>Returns a list containing given items.</doc>
<status status="PASS" start="2025-10-05T11:40:13.017521" elapsed="0.000175"/>
</kw>
<kw name="Get Length" owner="BuiltIn">
<msg time="2025-10-05T11:40:13.018062" level="INFO">Length is 3.</msg>
<msg time="2025-10-05T11:40:13.018118" level="INFO">${count} = 3</msg>
<var>${count}</var>
<arg>${fruits}</arg>
<doc>Returns and logs the length of the given item as an integer.</doc>
<status status="PASS" start="2025-10-05T11:40:13.017971" elapsed="0.000166"/>
</kw>
<kw name="Should Be Equal As Numbers" owner="BuiltIn">
<msg time="2025-10-05T11:40:13.018499" level="INFO">Argument types are:
&lt;class 'int'&gt;
&lt;class 'str'&gt;</msg>
<arg>${count}</arg>
<arg>3</arg>
<doc>Fails if objects are unequal after converting them to real numbers.</doc>
<status status="PASS" start="2025-10-05T11:40:13.018392" elapsed="0.000157"/>
</kw>
<kw name="Should Contain" owner="BuiltIn">
<arg>${fruits}</arg>
<arg>banana</arg>
<doc>Fails if ``container`` does not contain ``item`` one or more times.</doc>
<status status="PASS" start="2025-10-05T11:40:13.018908" elapsed="0.000552"/>
</kw>
<doc>Test list operations</doc>
<status status="PASS" start="2025-10-05T11:40:13.017109" elapsed="0.002688"/>
</test>
<doc>Simple Robot Framework test setup</doc>
<status status="PASS" start="2025-10-05T11:40:12.956574" elapsed="0.065530"/>
</suite>
<statistics>
<total>
<stat pass="4" fail="0" skip="0">All Tests</stat>
</total>
<tag>
</tag>
<suite>
<stat name="Test Setup" id="s1" pass="4" fail="0" skip="0">Test Setup</stat>
</suite>
</statistics>
<errors>
</errors>
</robot>
